Determining if the pthread_create exist failed with the following output:
Change Dir: /home/cc/ee106a/fa19/class/ee106a-aey/ros_workspaces/finalproject/build/CMakeFiles/CMakeTmp

Run Build Command:"/usr/bin/make" "cmTC_11a33/fast"
/usr/bin/make -f CMakeFiles/cmTC_11a33.dir/build.make CMakeFiles/cmTC_11a33.dir/build
make[1]: Entering directory '/home/cc/ee106a/fa19/class/ee106a-aey/ros_workspaces/finalproject/build/CMakeFiles/CMakeTmp'
Building C object CMakeFiles/cmTC_11a33.dir/CheckSymbolExists.c.o
/usr/bin/cc     -o CMakeFiles/cmTC_11a33.dir/CheckSymbolExists.c.o   -c /home/cc/ee106a/fa19/class/ee106a-aey/ros_workspaces/finalproject/build/CMakeFiles/CMakeTmp/CheckSymbolExists.c
Linking C executable cmTC_11a33
/usr/bin/cmake -E cmake_link_script CMakeFiles/cmTC_11a33.dir/link.txt --verbose=1
/usr/bin/cc       CMakeFiles/cmTC_11a33.dir/CheckSymbolExists.c.o  -o cmTC_11a33 -rdynamic 
CMakeFiles/cmTC_11a33.dir/CheckSymbolExists.c.o: In function `main':
CheckSymbolExists.c:(.text+0x16): undefined reference to `pthread_create'
collect2: error: ld returned 1 exit status
CMakeFiles/cmTC_11a33.dir/build.make:97: recipe for target 'cmTC_11a33' failed
make[1]: *** [cmTC_11a33] Error 1
make[1]: Leaving directory '/home/cc/ee106a/fa19/class/ee106a-aey/ros_workspaces/finalproject/build/CMakeFiles/CMakeTmp'
Makefile:126: recipe for target 'cmTC_11a33/fast' failed
make: *** [cmTC_11a33/fast] Error 2

File /home/cc/ee106a/fa19/class/ee106a-aey/ros_workspaces/finalproject/build/CMakeFiles/CMakeTmp/CheckSymbolExists.c:
/* */
#include <pthread.h>

int main(int argc, char** argv)
{
  (void)argv;
#ifndef pthread_create
  return ((int*)(&pthread_create))[argc];
#else
  (void)argc;
  return 0;
#endif
}

Determining if the function pthread_create exists in the pthreads failed with the following output:
Change Dir: /home/cc/ee106a/fa19/class/ee106a-aey/ros_workspaces/finalproject/build/CMakeFiles/CMakeTmp

Run Build Command:"/usr/bin/make" "cmTC_cdb3b/fast"
/usr/bin/make -f CMakeFiles/cmTC_cdb3b.dir/build.make CMakeFiles/cmTC_cdb3b.dir/build
make[1]: Entering directory '/home/cc/ee106a/fa19/class/ee106a-aey/ros_workspaces/finalproject/build/CMakeFiles/CMakeTmp'
Building C object CMakeFiles/cmTC_cdb3b.dir/CheckFunctionExists.c.o
/usr/bin/cc    -DCHECK_FUNCTION_EXISTS=pthread_create   -o CMakeFiles/cmTC_cdb3b.dir/CheckFunctionExists.c.o   -c /usr/share/cmake-3.5/Modules/CheckFunctionExists.c
Linking C executable cmTC_cdb3b
/usr/bin/cmake -E cmake_link_script CMakeFiles/cmTC_cdb3b.dir/link.txt --verbose=1
/usr/bin/cc   -DCHECK_FUNCTION_EXISTS=pthread_create    CMakeFiles/cmTC_cdb3b.dir/CheckFunctionExists.c.o  -o cmTC_cdb3b -rdynamic -lpthreads 
/usr/bin/ld: cannot find -lpthreads
collect2: error: ld returned 1 exit status
CMakeFiles/cmTC_cdb3b.dir/build.make:97: recipe for target 'cmTC_cdb3b' failed
make[1]: *** [cmTC_cdb3b] Error 1
make[1]: Leaving directory '/home/cc/ee106a/fa19/class/ee106a-aey/ros_workspaces/finalproject/build/CMakeFiles/CMakeTmp'
Makefile:126: recipe for target 'cmTC_cdb3b/fast' failed
make: *** [cmTC_cdb3b/fast] Error 2


